<?xml version="1.0" encoding="UTF-8"?>
<!-- Generated by org.testng.reporters.JUnitXMLReporter -->
<testsuite ignored="0" hostname="LP-2017" failures="1" tests="1" name="Regression Test" time="6.625" errors="0" timestamp="17 Feb 2020 05:05:15 GMT">
  <testcase classname="com.selTestng.tests.SignInTest" name="verifySignIn" time="0.0">
    <failure type="org.testng.TestNGException" message="
Data Provider public java.lang.Object[][] com.selTestng.tests.SignInTest.getData() returned a null value">
      <![CDATA[org.testng.TestNGException: 
Data Provider public java.lang.Object[][] com.selTestng.tests.SignInTest.getData() returned a null value
... Removed 22 stack frames]]>
    </failure>
  </testcase> <!-- verifySignIn -->
</testsuite> <!-- Regression Test -->
