<?xml version="1.0" encoding="UTF-8"?>
<testng-results ignored="0" total="2" passed="2" failed="0" skipped="0">
  <reporter-output>
  </reporter-output>
  <suite started-at="2020-02-18T14:56:04Z" name="BDD Test Suite" finished-at="2020-02-18T14:57:21Z" duration-ms="76381">
    <groups>
    </groups>
    <test started-at="2020-02-18T14:56:04Z" name="Regression Test" finished-at="2020-02-18T14:57:21Z" duration-ms="76381">
      <class name="com.selTestng.tests.SignInTest">
        <test-method is-config="true" signature="beforeSuite()[pri:0, instance:com.selTestng.tests.SignInTest@4e7912d8]" started-at="2020-02-18T14:56:04Z" name="beforeSuite" finished-at="2020-02-18T14:56:04Z" duration-ms="311" status="PASS">
          <reporter-output>
          </reporter-output>
        </test-method> <!-- beforeSuite -->
        <test-method is-config="true" signature="setWebdriver()[pri:0, instance:com.selTestng.tests.SignInTest@4e7912d8]" started-at="2020-02-18T14:56:04Z" name="setWebdriver" finished-at="2020-02-18T14:56:11Z" duration-ms="7095" status="PASS">
          <reporter-output>
          </reporter-output>
        </test-method> <!-- setWebdriver -->
        <test-method signature="verifySignIn(java.lang.String, java.lang.Object)[pri:0, instance:com.selTestng.tests.SignInTest@4e7912d8]" started-at="2020-02-18T14:56:14Z" name="verifySignIn" data-provider="testdataProvider" finished-at="2020-02-18T14:57:00Z" duration-ms="46442" status="PASS">
          <params>
            <param index="0">
              <value>
                <![CDATA[amazontest38@gmail.com]]>
              </value>
            </param>
            <param index="1">
              <value>
                <![CDATA[QW1hem9uVGVzdDEyMw==]]>
              </value>
            </param>
          </params>
          <reporter-output>
          </reporter-output>
        </test-method> <!-- verifySignIn -->
        <test-method is-config="true" signature="afterMethod(org.testng.ITestResult)[pri:0, instance:com.selTestng.tests.SignInTest@4e7912d8]" started-at="2020-02-18T14:57:00Z" name="afterMethod" finished-at="2020-02-18T14:57:04Z" duration-ms="4095" status="PASS">
          <params>
            <param index="0">
              <value>
                <![CDATA[[TestResult name=verifySignIn status=SUCCESS method=SignInTest.verifySignIn(java.lang.String, java.lang.Object)[pri:0, instance:com.selTestng.tests.SignInTest@4e7912d8] output={null}]]]>
              </value>
            </param>
          </params>
          <reporter-output>
          </reporter-output>
        </test-method> <!-- afterMethod -->
        <test-method signature="verifySignIn(java.lang.String, java.lang.Object)[pri:0, instance:com.selTestng.tests.SignInTest@4e7912d8]" started-at="2020-02-18T14:57:04Z" name="verifySignIn" data-provider="testdataProvider" finished-at="2020-02-18T14:57:19Z" duration-ms="15249" status="PASS">
          <params>
            <param index="0">
              <value>
                <![CDATA[amazontest38@gmail.com]]>
              </value>
            </param>
            <param index="1">
              <value>
                <![CDATA[QW1hem9uVGVzdDEyMw==]]>
              </value>
            </param>
          </params>
          <reporter-output>
          </reporter-output>
        </test-method> <!-- verifySignIn -->
        <test-method is-config="true" signature="afterMethod(org.testng.ITestResult)[pri:0, instance:com.selTestng.tests.SignInTest@4e7912d8]" started-at="2020-02-18T14:57:19Z" name="afterMethod" finished-at="2020-02-18T14:57:20Z" duration-ms="196" status="PASS">
          <params>
            <param index="0">
              <value>
                <![CDATA[[TestResult name=verifySignIn status=SUCCESS method=SignInTest.verifySignIn(java.lang.String, java.lang.Object)[pri:0, instance:com.selTestng.tests.SignInTest@4e7912d8] output={null}]]]>
              </value>
            </param>
          </params>
          <reporter-output>
          </reporter-output>
        </test-method> <!-- afterMethod -->
        <test-method is-config="true" signature="afterTest()[pri:0, instance:com.selTestng.tests.SignInTest@4e7912d8]" started-at="2020-02-18T14:57:20Z" name="afterTest" finished-at="2020-02-18T14:57:21Z" duration-ms="1255" status="PASS">
          <reporter-output>
          </reporter-output>
        </test-method> <!-- afterTest -->
      </class> <!-- com.selTestng.tests.SignInTest -->
    </test> <!-- Regression Test -->
  </suite> <!-- BDD Test Suite -->
</testng-results>
