<?xml version="1.0" encoding="UTF-8"?>
<testng-results ignored="0" total="2" passed="2" failed="0" skipped="0">
  <reporter-output>
  </reporter-output>
  <suite started-at="2020-02-18T14:43:03Z" name="Default suite" finished-at="2020-02-18T14:45:35Z" duration-ms="152725">
    <groups>
    </groups>
    <test started-at="2020-02-18T14:43:03Z" name="Default test" finished-at="2020-02-18T14:45:35Z" duration-ms="152725">
      <class name="com.selTestng.tests.SignInTest">
        <test-method is-config="true" signature="beforeSuite()[pri:0, instance:com.selTestng.tests.SignInTest@6c1a5b54]" started-at="2020-02-18T14:43:03Z" name="beforeSuite" finished-at="2020-02-18T14:43:03Z" duration-ms="234" status="PASS">
          <reporter-output>
          </reporter-output>
        </test-method> <!-- beforeSuite -->
        <test-method is-config="true" signature="setWebdriver()[pri:0, instance:com.selTestng.tests.SignInTest@6c1a5b54]" started-at="2020-02-18T14:43:03Z" name="setWebdriver" finished-at="2020-02-18T14:43:06Z" duration-ms="3624" status="PASS">
          <reporter-output>
          </reporter-output>
        </test-method> <!-- setWebdriver -->
        <test-method signature="verifySignIn(java.lang.String, java.lang.Object)[pri:0, instance:com.selTestng.tests.SignInTest@6c1a5b54]" started-at="2020-02-18T14:43:07Z" name="verifySignIn" data-provider="testdataProvider" finished-at="2020-02-18T14:44:24Z" duration-ms="76175" status="PASS">
          <params>
            <param index="0">
              <value>
                <![CDATA[amazontest38@gmail.com]]>
              </value>
            </param>
            <param index="1">
              <value>
                <![CDATA[QW1hem9uVGVzdDEyMw==]]>
              </value>
            </param>
          </params>
          <reporter-output>
          </reporter-output>
        </test-method> <!-- verifySignIn -->
        <test-method is-config="true" signature="afterMethod(org.testng.ITestResult)[pri:0, instance:com.selTestng.tests.SignInTest@6c1a5b54]" started-at="2020-02-18T14:44:24Z" name="afterMethod" finished-at="2020-02-18T14:44:25Z" duration-ms="1540" status="PASS">
          <params>
            <param index="0">
              <value>
                <![CDATA[[TestResult name=verifySignIn status=SUCCESS method=SignInTest.verifySignIn(java.lang.String, java.lang.Object)[pri:0, instance:com.selTestng.tests.SignInTest@6c1a5b54] output={null}]]]>
              </value>
            </param>
          </params>
          <reporter-output>
          </reporter-output>
        </test-method> <!-- afterMethod -->
        <test-method signature="verifySignIn(java.lang.String, java.lang.Object)[pri:0, instance:com.selTestng.tests.SignInTest@6c1a5b54]" started-at="2020-02-18T14:44:25Z" name="verifySignIn" data-provider="testdataProvider" finished-at="2020-02-18T14:45:33Z" duration-ms="68315" status="PASS">
          <params>
            <param index="0">
              <value>
                <![CDATA[amazontest38@gmail.com]]>
              </value>
            </param>
            <param index="1">
              <value>
                <![CDATA[QW1hem9uVGVzdDEyMw==]]>
              </value>
            </param>
          </params>
          <reporter-output>
          </reporter-output>
        </test-method> <!-- verifySignIn -->
        <test-method is-config="true" signature="afterMethod(org.testng.ITestResult)[pri:0, instance:com.selTestng.tests.SignInTest@6c1a5b54]" started-at="2020-02-18T14:45:33Z" name="afterMethod" finished-at="2020-02-18T14:45:34Z" duration-ms="308" status="PASS">
          <params>
            <param index="0">
              <value>
                <![CDATA[[TestResult name=verifySignIn status=SUCCESS method=SignInTest.verifySignIn(java.lang.String, java.lang.Object)[pri:0, instance:com.selTestng.tests.SignInTest@6c1a5b54] output={null}]]]>
              </value>
            </param>
          </params>
          <reporter-output>
          </reporter-output>
        </test-method> <!-- afterMethod -->
        <test-method is-config="true" signature="afterTest()[pri:0, instance:com.selTestng.tests.SignInTest@6c1a5b54]" started-at="2020-02-18T14:45:34Z" name="afterTest" finished-at="2020-02-18T14:45:35Z" duration-ms="1716" status="PASS">
          <reporter-output>
          </reporter-output>
        </test-method> <!-- afterTest -->
      </class> <!-- com.selTestng.tests.SignInTest -->
    </test> <!-- Default test -->
  </suite> <!-- Default suite -->
</testng-results>
